<?xml version="1.0" encoding="UTF-8"?>
<testsuite name="springboot.web.IndexControllerTest" tests="1" skipped="0" failures="0" errors="0" timestamp="2023-04-08T07:56:06" hostname="songmunseog-ui-MacBookAir.local" time="0.098">
  <properties/>
  <testcase name="메인페이지_로딩" classname="springboot.web.IndexControllerTest" time="0.098"/>
  <system-out><![CDATA[2023-04-08 16:56:05.639  INFO 99568 --- [    Test worker] .b.t.c.SpringBootTestContextBootstrapper : Neither @ContextConfiguration nor @ContextHierarchy found for test class [springboot.web.IndexControllerTest], using SpringBootContextLoader
2023-04-08 16:56:05.640  INFO 99568 --- [    Test worker] o.s.t.c.support.AbstractContextLoader    : Could not detect default resource locations for test class [springboot.web.IndexControllerTest]: no resource found for suffixes {-context.xml, Context.groovy}.
2023-04-08 16:56:05.640  INFO 99568 --- [    Test worker] t.c.s.AnnotationConfigContextLoaderUtils : Could not detect default configuration classes for test class [springboot.web.IndexControllerTest]: IndexControllerTest does not declare any static, non-private, non-final, nested classes annotated with @Configuration.
2023-04-08 16:56:05.640  INFO 99568 --- [    Test worker] .b.t.c.SpringBootTestContextBootstrapper : Found @SpringBootConfiguration springboot.Application for test class springboot.web.IndexControllerTest
2023-04-08 16:56:05.641  INFO 99568 --- [    Test worker] .b.t.c.SpringBootTestContextBootstrapper : Loaded default TestExecutionListener class names from location [META-INF/spring.factories]: [org.springframework.security.test.context.support.WithSecurityContextTestExecutionListener, org.springframework.security.test.context.support.ReactorContextTestExecutionListener, org.springframework.boot.test.autoconfigure.restdocs.RestDocsTestExecutionListener, org.springframework.boot.test.autoconfigure.web.client.MockRestServiceServerResetTestExecutionListener, org.springframework.boot.test.autoconfigure.web.servlet.MockMvcPrintOnlyOnFailureTestExecutionListener, org.springframework.boot.test.autoconfigure.web.servlet.WebDriverTestExecutionListener, org.springframework.boot.test.mock.mockito.MockitoTestExecutionListener, org.springframework.boot.test.mock.mockito.ResetMocksTestExecutionListener, org.springframework.test.context.web.ServletTestExecutionListener, org.springframework.test.context.support.DirtiesContextBeforeModesTestExecutionListener, org.springframework.test.context.support.DependencyInjectionTestExecutionListener, org.springframework.test.context.support.DirtiesContextTestExecutionListener, org.springframework.test.context.transaction.TransactionalTestExecutionListener, org.springframework.test.context.jdbc.SqlScriptsTestExecutionListener]
2023-04-08 16:56:05.641  INFO 99568 --- [    Test worker] .b.t.c.SpringBootTestContextBootstrapper : Using TestExecutionListeners: [org.springframework.test.context.web.ServletTestExecutionListener@23657729, org.springframework.test.context.support.DirtiesContextBeforeModesTestExecutionListener@365291bd, org.springframework.boot.test.mock.mockito.MockitoTestExecutionListener@68c05c5b, org.springframework.boot.test.autoconfigure.SpringBootDependencyInjectionTestExecutionListener@1b5e6983, org.springframework.test.context.support.DirtiesContextTestExecutionListener@130a99fe, org.springframework.test.context.transaction.TransactionalTestExecutionListener@31773d5b, org.springframework.test.context.jdbc.SqlScriptsTestExecutionListener@5bbf8daa, org.springframework.security.test.context.support.WithSecurityContextTestExecutionListener@33c5e52f, org.springframework.security.test.context.support.ReactorContextTestExecutionListener@74474fc0, org.springframework.boot.test.autoconfigure.restdocs.RestDocsTestExecutionListener@7cd239f6, org.springframework.boot.test.autoconfigure.web.client.MockRestServiceServerResetTestExecutionListener@5ba7391b, org.springframework.boot.test.autoconfigure.web.servlet.MockMvcPrintOnlyOnFailureTestExecutionListener@475753dd, org.springframework.boot.test.autoconfigure.web.servlet.WebDriverTestExecutionListener@9203db8, org.springframework.boot.test.mock.mockito.ResetMocksTestExecutionListener@64d0b8e3]

  .   ____          _            __ _ _
 /\\ / ___'_ __ _ _(_)_ __  __ _ \ \ \ \
( ( )\___ | '_ | '_| | '_ \/ _` | \ \ \ \
 \\/  ___)| |_)| | | | | || (_| |  ) ) ) )
  '  |____| .__|_| |_|_| |_\__, | / / / /
 =========|_|==============|___/=/_/_/_/
 :: Spring Boot ::        (v2.1.7.RELEASE)

2023-04-08 16:56:05.651  INFO 99568 --- [    Test worker] springboot.web.IndexControllerTest       : Starting IndexControllerTest on songmunseog-ui-MacBookAir.local with PID 99568 (started by songmunseog in /Users/songmunseog/Desktop/study/Project01)
2023-04-08 16:56:05.651  INFO 99568 --- [    Test worker] springboot.web.IndexControllerTest       : No active profile set, falling back to default profiles: default
2023-04-08 16:56:05.745  INFO 99568 --- [    Test worker] .s.d.r.c.RepositoryConfigurationDelegate : Bootstrapping Spring Data repositories in DEFAULT mode.
2023-04-08 16:56:05.757  INFO 99568 --- [    Test worker] .s.d.r.c.RepositoryConfigurationDelegate : Finished Spring Data repository scanning in 12ms. Found 2 repository interfaces.
2023-04-08 16:56:05.830  INFO 99568 --- [    Test worker] trationDelegate$BeanPostProcessorChecker : Bean 'org.springframework.transaction.annotation.ProxyTransactionManagementConfiguration' of type [org.springframework.transaction.annotation.ProxyTransactionManagementConfiguration$$EnhancerBySpringCGLIB$$d1f82da3] is not eligible for getting processed by all BeanPostProcessors (for example: not eligible for auto-proxying)
2023-04-08 16:56:05.924  INFO 99568 --- [    Test worker] o.s.b.w.embedded.tomcat.TomcatWebServer  : Tomcat initialized with port(s): 0 (http)
2023-04-08 16:56:05.940  INFO 99568 --- [    Test worker] o.apache.catalina.core.StandardService   : Starting service [Tomcat]
2023-04-08 16:56:05.940  INFO 99568 --- [    Test worker] org.apache.catalina.core.StandardEngine  : Starting Servlet engine: [Apache Tomcat/9.0.22]
2023-04-08 16:56:06.015  INFO 99568 --- [    Test worker] o.a.c.c.C.[Tomcat].[localhost].[/]       : Initializing Spring embedded WebApplicationContext
2023-04-08 16:56:06.015  INFO 99568 --- [    Test worker] o.s.web.context.ContextLoader            : Root WebApplicationContext: initialization completed in 363 ms
2023-04-08 16:56:06.068  INFO 99568 --- [    Test worker] com.zaxxer.hikari.HikariDataSource       : HikariPool-2 - Starting...
2023-04-08 16:56:06.069  INFO 99568 --- [    Test worker] com.zaxxer.hikari.HikariDataSource       : HikariPool-2 - Start completed.
2023-04-08 16:56:06.079  INFO 99568 --- [    Test worker] o.hibernate.jpa.internal.util.LogHelper  : HHH000204: Processing PersistenceUnitInfo [
	name: default
	...]
2023-04-08 16:56:06.084  INFO 99568 --- [    Test worker] org.hibernate.dialect.Dialect            : HHH000400: Using dialect: org.hibernate.dialect.MySQL5InnoDBDialect
Hibernate: drop table if exists posts
Hibernate: drop table if exists user
Hibernate: create table posts (id bigint not null auto_increment, created_date datetime, modified_date datetime, author varchar(255), content TEXT not null, title varchar(500) not null, primary key (id)) engine=InnoDB
Hibernate: create table user (id bigint not null auto_increment, created_date datetime, modified_date datetime, email varchar(255) not null, name varchar(255) not null, picture varchar(255), role varchar(255) not null, primary key (id)) engine=InnoDB
2023-04-08 16:56:06.106  INFO 99568 --- [    Test worker] o.h.t.schema.internal.SchemaCreatorImpl  : HHH000476: Executing import script 'org.hibernate.tool.schema.internal.exec.ScriptSourceInputNonExistentImpl@64508788'
2023-04-08 16:56:06.106  INFO 99568 --- [    Test worker] j.LocalContainerEntityManagerFactoryBean : Initialized JPA EntityManagerFactory for persistence unit 'default'
2023-04-08 16:56:06.223  INFO 99568 --- [    Test worker] o.h.h.i.QueryTranslatorFactoryInitiator  : HHH000397: Using ASTQueryTranslatorFactory
2023-04-08 16:56:06.261  INFO 99568 --- [    Test worker] o.s.s.web.DefaultSecurityFilterChain     : Creating filter chain: any request, [org.springframework.security.web.context.request.async.WebAsyncManagerIntegrationFilter@5cb3c9e6, org.springframework.security.web.context.SecurityContextPersistenceFilter@5cb4e255, org.springframework.security.web.header.HeaderWriterFilter@7db57566, org.springframework.security.web.authentication.logout.LogoutFilter@4fae8455, org.springframework.security.oauth2.client.web.OAuth2AuthorizationRequestRedirectFilter@42c7781a, org.springframework.security.oauth2.client.web.OAuth2LoginAuthenticationFilter@7d2d7a85, org.springframework.security.web.authentication.ui.DefaultLoginPageGeneratingFilter@34f37ed4, org.springframework.security.web.authentication.ui.DefaultLogoutPageGeneratingFilter@55fbebba, org.springframework.security.web.savedrequest.RequestCacheAwareFilter@16c9ec5b, org.springframework.security.web.servletapi.SecurityContextHolderAwareRequestFilter@4001a5a1, org.springframework.security.web.authentication.AnonymousAuthenticationFilter@2c855eb7, org.springframework.security.web.session.SessionManagementFilter@2aabd5a0, org.springframework.security.web.access.ExceptionTranslationFilter@7da6e22a, org.springframework.security.web.access.intercept.FilterSecurityInterceptor@e00f822]
2023-04-08 16:56:06.315  INFO 99568 --- [    Test worker] o.s.s.concurrent.ThreadPoolTaskExecutor  : Initializing ExecutorService 'applicationTaskExecutor'
2023-04-08 16:56:06.320  WARN 99568 --- [    Test worker] aWebConfiguration$JpaWebMvcConfiguration : spring.jpa.open-in-view is enabled by default. Therefore, database queries may be performed during view rendering. Explicitly configure spring.jpa.open-in-view to disable this warning
2023-04-08 16:56:06.328  INFO 99568 --- [    Test worker] o.s.b.a.w.s.WelcomePageHandlerMapping    : Adding welcome page template: index
2023-04-08 16:56:06.394  INFO 99568 --- [    Test worker] s.a.ScheduledAnnotationBeanPostProcessor : No TaskScheduler/ScheduledExecutorService bean found for scheduled processing
2023-04-08 16:56:06.404  INFO 99568 --- [    Test worker] o.s.b.w.embedded.tomcat.TomcatWebServer  : Tomcat started on port(s): 60811 (http) with context path ''
2023-04-08 16:56:06.405  INFO 99568 --- [    Test worker] springboot.web.IndexControllerTest       : Started IndexControllerTest in 0.764 seconds (JVM running for 5.425)
2023-04-08 16:56:06.450  INFO 99568 --- [o-auto-1-exec-1] o.a.c.c.C.[Tomcat].[localhost].[/]       : Initializing Spring DispatcherServlet 'dispatcherServlet'
2023-04-08 16:56:06.450  INFO 99568 --- [o-auto-1-exec-1] o.s.web.servlet.DispatcherServlet        : Initializing Servlet 'dispatcherServlet'
2023-04-08 16:56:06.456  INFO 99568 --- [o-auto-1-exec-1] o.s.web.servlet.DispatcherServlet        : Completed initialization in 6 ms
Hibernate: select posts0_.id as id1_0_, posts0_.created_date as created_2_0_, posts0_.modified_date as modified3_0_, posts0_.author as author4_0_, posts0_.content as content5_0_, posts0_.title as title6_0_ from posts posts0_ order by posts0_.id DESC
]]></system-out>
  <system-err><![CDATA[]]></system-err>
</testsuite>
